#! /opt/homebrew/Cellar/icarus-verilog/12.0/bin/vvp
:ivl_version "12.0 (stable)";
:ivl_delay_selection "TYPICAL";
:vpi_time_precision - 12;
:vpi_module "/opt/homebrew/Cellar/icarus-verilog/12.0/lib/ivl/system.vpi";
:vpi_module "/opt/homebrew/Cellar/icarus-verilog/12.0/lib/ivl/vhdl_sys.vpi";
:vpi_module "/opt/homebrew/Cellar/icarus-verilog/12.0/lib/ivl/vhdl_textio.vpi";
:vpi_module "/opt/homebrew/Cellar/icarus-verilog/12.0/lib/ivl/v2005_math.vpi";
:vpi_module "/opt/homebrew/Cellar/icarus-verilog/12.0/lib/ivl/va_math.vpi";
S_0x137604990 .scope module, "TestBench" "TestBench" 2 22;
 .timescale -9 -12;
v0x600001785a70_0 .var "CLK", 0 0;
v0x600001785b00_0 .net "LD", 3 0, L_0x600000e989a0;  1 drivers
v0x600001785b90_0 .var "LDL", 0 0;
v0x600001785c20_0 .var "SW", 15 0;
S_0x137604b00 .scope module, "uut" "Arbiter_PUF" 2 56, 3 1 0, S_0x137604990;
 .timescale 0 0;
    .port_info 0 /INPUT 1 "CLK";
    .port_info 1 /INPUT 16 "SW";
    .port_info 2 /OUTPUT 4 "LD";
L_0x600000e989a0 .functor BUFZ 4, L_0x600001496bc0, C4<0000>, C4<0000>, C4<0000>;
v0x600001785710_0 .net "CLK", 0 0, v0x600001785a70_0;  1 drivers
v0x6000017857a0_0 .net "LD", 3 0, L_0x600000e989a0;  alias, 1 drivers
v0x600001785830_0 .net "SW", 15 0, v0x600001785c20_0;  1 drivers
v0x6000017858c0_0 .var "counter", 31 0;
v0x600001785950_0 .net "response", 3 0, L_0x600001496bc0;  1 drivers
v0x6000017859e0_0 .var "update_response", 0 0;
E_0x60000309ccc0 .event posedge, v0x600001785710_0;
L_0x600001499a40 .part v0x600001785c20_0, 0, 4;
L_0x60000149b520 .part v0x600001785c20_0, 4, 4;
L_0x600001495040 .part v0x600001785c20_0, 8, 4;
L_0x600001496b20 .part v0x600001785c20_0, 12, 4;
L_0x600001496bc0 .concat8 [ 1 1 1 1], L_0x600000e982a0, L_0x600000e984d0, L_0x600000e98700, L_0x600000e98930;
S_0x137604c70 .scope module, "inst1" "bit_arbiter" 3 25, 4 1 0, S_0x137604b00;
 .timescale 0 0;
    .port_info 0 /INPUT 4 "SW";
    .port_info 1 /OUTPUT 1 "response";
v0x60000178df80_0 .net "SW", 3 0, L_0x600001499a40;  1 drivers
v0x60000178e010_0 .net *"_ivl_45", 0 0, L_0x600001499680;  1 drivers
v0x60000178e0a0_0 .net *"_ivl_50", 0 0, L_0x6000014997c0;  1 drivers
v0x60000178e130_0 .net "arbiter_input", 1 0, L_0x600001499720;  1 drivers
v0x60000178e1c0_0 .net "delay_line_path0", 3 0, L_0x600001499540;  1 drivers
v0x60000178e250_0 .net "delay_line_path1", 3 0, L_0x6000014995e0;  1 drivers
v0x60000178e2e0_0 .net "response", 0 0, L_0x600000e982a0;  1 drivers
L_0x6000014983c0 .part L_0x600001499a40, 0, 1;
L_0x600001498820 .part L_0x600001499540, 0, 1;
L_0x6000014988c0 .part L_0x6000014995e0, 0, 1;
L_0x600001498960 .part L_0x600001499a40, 1, 1;
L_0x600001498dc0 .part L_0x600001499540, 1, 1;
L_0x600001498e60 .part L_0x6000014995e0, 1, 1;
L_0x600001498f00 .part L_0x600001499a40, 2, 1;
L_0x600001499360 .part L_0x600001499540, 2, 1;
L_0x600001499400 .part L_0x6000014995e0, 2, 1;
L_0x6000014994a0 .part L_0x600001499a40, 3, 1;
L_0x600001499540 .concat8 [ 1 1 1 1], L_0x600001498140, L_0x6000014985a0, L_0x600001498b40, L_0x6000014990e0;
L_0x6000014995e0 .concat8 [ 1 1 1 1], L_0x600001498320, L_0x600001498780, L_0x600001498d20, L_0x6000014992c0;
L_0x600001499680 .part L_0x600001499540, 3, 1;
L_0x600001499720 .concat8 [ 1 1 0 0], L_0x600001499680, L_0x6000014997c0;
L_0x6000014997c0 .part L_0x6000014995e0, 3, 1;
S_0x137604de0 .scope module, "d1" "decision" 4 43, 5 1 0, S_0x137604c70;
 .timescale 0 0;
    .port_info 0 /INPUT 2 "in";
    .port_info 1 /OUTPUT 1 "response";
L_0x600000e980e0 .functor AND 1, L_0x600001499860, L_0x600001499900, C4<1>, C4<1>;
L_0x600000e98150 .functor NOT 1, L_0x600000e980e0, C4<0>, C4<0>, C4<0>;
L_0x600000e981c0 .functor AND 1, L_0x6000014999a0, L_0x600000e98150, C4<1>, C4<1>;
L_0x600000e98230 .functor NOT 1, L_0x600000e981c0, C4<0>, C4<0>, C4<0>;
L_0x600000e982a0 .functor BUFZ 1, L_0x600000e98230, C4<0>, C4<0>, C4<0>;
v0x60000179ee20_0 .net "Q", 0 0, L_0x600000e98150;  1 drivers
v0x600001797330_0 .net "Qn", 0 0, L_0x600000e98230;  1 drivers
v0x600001794900_0 .net *"_ivl_1", 0 0, L_0x600001499860;  1 drivers
v0x600001797cc0_0 .net *"_ivl_10", 0 0, L_0x600000e981c0;  1 drivers
v0x600001797c30_0 .net *"_ivl_3", 0 0, L_0x600001499900;  1 drivers
v0x60000178c000_0 .net *"_ivl_4", 0 0, L_0x600000e980e0;  1 drivers
v0x60000178c090_0 .net *"_ivl_9", 0 0, L_0x6000014999a0;  1 drivers
v0x60000178c120_0 .net "in", 1 0, L_0x600001499720;  alias, 1 drivers
v0x60000178c1b0_0 .net "response", 0 0, L_0x600000e982a0;  alias, 1 drivers
L_0x600001499860 .part L_0x600001499720, 0, 1;
L_0x600001499900 .part L_0x600001499720, 1, 1;
L_0x6000014999a0 .part L_0x600001499720, 1, 1;
S_0x137604f50 .scope module, "u1" "selector" 4 10, 6 1 0, S_0x137604c70;
 .timescale 0 0;
    .port_info 0 /INPUT 1 "in0";
    .port_info 1 /INPUT 1 "in1";
    .port_info 2 /INPUT 1 "challenge";
    .port_info 3 /OUTPUT 1 "out0";
    .port_info 4 /OUTPUT 1 "out1";
v0x60000178c240_0 .net *"_ivl_0", 31 0, L_0x600001498000;  1 drivers
v0x60000178c2d0_0 .net *"_ivl_10", 31 0, L_0x6000014981e0;  1 drivers
L_0x1180680a0 .functor BUFT 1, C4<0000000000000000000000000000000>, C4<0>, C4<0>, C4<0>;
v0x60000178c360_0 .net *"_ivl_13", 30 0, L_0x1180680a0;  1 drivers
L_0x1180680e8 .functor BUFT 1, C4<00000000000000000000000000000000>, C4<0>, C4<0>, C4<0>;
v0x60000178c3f0_0 .net/2u *"_ivl_14", 31 0, L_0x1180680e8;  1 drivers
v0x60000178c480_0 .net *"_ivl_16", 0 0, L_0x600001498280;  1 drivers
L_0x118068010 .functor BUFT 1, C4<0000000000000000000000000000000>, C4<0>, C4<0>, C4<0>;
v0x60000178c510_0 .net *"_ivl_3", 30 0, L_0x118068010;  1 drivers
L_0x118068058 .functor BUFT 1, C4<00000000000000000000000000000000>, C4<0>, C4<0>, C4<0>;
v0x60000178c5a0_0 .net/2u *"_ivl_4", 31 0, L_0x118068058;  1 drivers
v0x60000178c630_0 .net *"_ivl_6", 0 0, L_0x6000014980a0;  1 drivers
v0x60000178c6c0_0 .net "challenge", 0 0, L_0x6000014983c0;  1 drivers
L_0x118068130 .functor BUFT 1, C4<1>, C4<0>, C4<0>, C4<0>;
v0x60000178c750_0 .net "in0", 0 0, L_0x118068130;  1 drivers
L_0x118068178 .functor BUFT 1, C4<1>, C4<0>, C4<0>, C4<0>;
v0x60000178c7e0_0 .net "in1", 0 0, L_0x118068178;  1 drivers
v0x60000178c870_0 .net "out0", 0 0, L_0x600001498140;  1 drivers
v0x60000178c900_0 .net "out1", 0 0, L_0x600001498320;  1 drivers
L_0x600001498000 .concat [ 1 31 0 0], L_0x6000014983c0, L_0x118068010;
L_0x6000014980a0 .cmp/eq 32, L_0x600001498000, L_0x118068058;
L_0x600001498140 .functor MUXZ 1, L_0x118068178, L_0x118068130, L_0x6000014980a0, C4<>;
L_0x6000014981e0 .concat [ 1 31 0 0], L_0x6000014983c0, L_0x1180680a0;
L_0x600001498280 .cmp/eq 32, L_0x6000014981e0, L_0x1180680e8;
L_0x600001498320 .functor MUXZ 1, L_0x118068130, L_0x118068178, L_0x600001498280, C4<>;
S_0x1376050c0 .scope module, "u2" "selector" 4 17, 6 1 0, S_0x137604c70;
 .timescale 0 0;
    .port_info 0 /INPUT 1 "in0";
    .port_info 1 /INPUT 1 "in1";
    .port_info 2 /INPUT 1 "challenge";
    .port_info 3 /OUTPUT 1 "out0";
    .port_info 4 /OUTPUT 1 "out1";
v0x60000178c990_0 .net *"_ivl_0", 31 0, L_0x600001498460;  1 drivers
v0x60000178ca20_0 .net *"_ivl_10", 31 0, L_0x600001498640;  1 drivers
L_0x118068250 .functor BUFT 1, C4<0000000000000000000000000000000>, C4<0>, C4<0>, C4<0>;
v0x60000178cab0_0 .net *"_ivl_13", 30 0, L_0x118068250;  1 drivers
L_0x118068298 .functor BUFT 1, C4<00000000000000000000000000000000>, C4<0>, C4<0>, C4<0>;
v0x60000178cb40_0 .net/2u *"_ivl_14", 31 0, L_0x118068298;  1 drivers
v0x60000178cbd0_0 .net *"_ivl_16", 0 0, L_0x6000014986e0;  1 drivers
L_0x1180681c0 .functor BUFT 1, C4<0000000000000000000000000000000>, C4<0>, C4<0>, C4<0>;
v0x60000178cc60_0 .net *"_ivl_3", 30 0, L_0x1180681c0;  1 drivers
L_0x118068208 .functor BUFT 1, C4<00000000000000000000000000000000>, C4<0>, C4<0>, C4<0>;
v0x60000178ccf0_0 .net/2u *"_ivl_4", 31 0, L_0x118068208;  1 drivers
v0x60000178cd80_0 .net *"_ivl_6", 0 0, L_0x600001498500;  1 drivers
v0x60000178ce10_0 .net "challenge", 0 0, L_0x600001498960;  1 drivers
v0x60000178cea0_0 .net "in0", 0 0, L_0x600001498820;  1 drivers
v0x60000178cf30_0 .net "in1", 0 0, L_0x6000014988c0;  1 drivers
v0x60000178cfc0_0 .net "out0", 0 0, L_0x6000014985a0;  1 drivers
v0x60000178d050_0 .net "out1", 0 0, L_0x600001498780;  1 drivers
L_0x600001498460 .concat [ 1 31 0 0], L_0x600001498960, L_0x1180681c0;
L_0x600001498500 .cmp/eq 32, L_0x600001498460, L_0x118068208;
L_0x6000014985a0 .functor MUXZ 1, L_0x6000014988c0, L_0x600001498820, L_0x600001498500, C4<>;
L_0x600001498640 .concat [ 1 31 0 0], L_0x600001498960, L_0x118068250;
L_0x6000014986e0 .cmp/eq 32, L_0x600001498640, L_0x118068298;
L_0x600001498780 .functor MUXZ 1, L_0x600001498820, L_0x6000014988c0, L_0x6000014986e0, C4<>;
S_0x137605230 .scope module, "u3" "selector" 4 24, 6 1 0, S_0x137604c70;
 .timescale 0 0;
    .port_info 0 /INPUT 1 "in0";
    .port_info 1 /INPUT 1 "in1";
    .port_info 2 /INPUT 1 "challenge";
    .port_info 3 /OUTPUT 1 "out0";
    .port_info 4 /OUTPUT 1 "out1";
v0x60000178d0e0_0 .net *"_ivl_0", 31 0, L_0x600001498a00;  1 drivers
v0x60000178d170_0 .net *"_ivl_10", 31 0, L_0x600001498be0;  1 drivers
L_0x118068370 .functor BUFT 1, C4<0000000000000000000000000000000>, C4<0>, C4<0>, C4<0>;
v0x60000178d200_0 .net *"_ivl_13", 30 0, L_0x118068370;  1 drivers
L_0x1180683b8 .functor BUFT 1, C4<00000000000000000000000000000000>, C4<0>, C4<0>, C4<0>;
v0x60000178d290_0 .net/2u *"_ivl_14", 31 0, L_0x1180683b8;  1 drivers
v0x60000178d320_0 .net *"_ivl_16", 0 0, L_0x600001498c80;  1 drivers
L_0x1180682e0 .functor BUFT 1, C4<0000000000000000000000000000000>, C4<0>, C4<0>, C4<0>;
v0x60000178d3b0_0 .net *"_ivl_3", 30 0, L_0x1180682e0;  1 drivers
L_0x118068328 .functor BUFT 1, C4<00000000000000000000000000000000>, C4<0>, C4<0>, C4<0>;
v0x60000178d440_0 .net/2u *"_ivl_4", 31 0, L_0x118068328;  1 drivers
v0x60000178d4d0_0 .net *"_ivl_6", 0 0, L_0x600001498aa0;  1 drivers
v0x60000178d560_0 .net "challenge", 0 0, L_0x600001498f00;  1 drivers
v0x60000178d5f0_0 .net "in0", 0 0, L_0x600001498dc0;  1 drivers
v0x60000178d680_0 .net "in1", 0 0, L_0x600001498e60;  1 drivers
v0x60000178d710_0 .net "out0", 0 0, L_0x600001498b40;  1 drivers
v0x60000178d7a0_0 .net "out1", 0 0, L_0x600001498d20;  1 drivers
L_0x600001498a00 .concat [ 1 31 0 0], L_0x600001498f00, L_0x1180682e0;
L_0x600001498aa0 .cmp/eq 32, L_0x600001498a00, L_0x118068328;
L_0x600001498b40 .functor MUXZ 1, L_0x600001498e60, L_0x600001498dc0, L_0x600001498aa0, C4<>;
L_0x600001498be0 .concat [ 1 31 0 0], L_0x600001498f00, L_0x118068370;
L_0x600001498c80 .cmp/eq 32, L_0x600001498be0, L_0x1180683b8;
L_0x600001498d20 .functor MUXZ 1, L_0x600001498dc0, L_0x600001498e60, L_0x600001498c80, C4<>;
S_0x1376053a0 .scope module, "u4" "selector" 4 31, 6 1 0, S_0x137604c70;
 .timescale 0 0;
    .port_info 0 /INPUT 1 "in0";
    .port_info 1 /INPUT 1 "in1";
    .port_info 2 /INPUT 1 "challenge";
    .port_info 3 /OUTPUT 1 "out0";
    .port_info 4 /OUTPUT 1 "out1";
v0x60000178d830_0 .net *"_ivl_0", 31 0, L_0x600001498fa0;  1 drivers
v0x60000178d8c0_0 .net *"_ivl_10", 31 0, L_0x600001499180;  1 drivers
L_0x118068490 .functor BUFT 1, C4<0000000000000000000000000000000>, C4<0>, C4<0>, C4<0>;
v0x60000178d950_0 .net *"_ivl_13", 30 0, L_0x118068490;  1 drivers
L_0x1180684d8 .functor BUFT 1, C4<00000000000000000000000000000000>, C4<0>, C4<0>, C4<0>;
v0x60000178d9e0_0 .net/2u *"_ivl_14", 31 0, L_0x1180684d8;  1 drivers
v0x60000178da70_0 .net *"_ivl_16", 0 0, L_0x600001499220;  1 drivers
L_0x118068400 .functor BUFT 1, C4<0000000000000000000000000000000>, C4<0>, C4<0>, C4<0>;
v0x60000178db00_0 .net *"_ivl_3", 30 0, L_0x118068400;  1 drivers
L_0x118068448 .functor BUFT 1, C4<00000000000000000000000000000000>, C4<0>, C4<0>, C4<0>;
v0x60000178db90_0 .net/2u *"_ivl_4", 31 0, L_0x118068448;  1 drivers
v0x60000178dc20_0 .net *"_ivl_6", 0 0, L_0x600001499040;  1 drivers
v0x60000178dcb0_0 .net "challenge", 0 0, L_0x6000014994a0;  1 drivers
v0x60000178dd40_0 .net "in0", 0 0, L_0x600001499360;  1 drivers
v0x60000178ddd0_0 .net "in1", 0 0, L_0x600001499400;  1 drivers
v0x60000178de60_0 .net "out0", 0 0, L_0x6000014990e0;  1 drivers
v0x60000178def0_0 .net "out1", 0 0, L_0x6000014992c0;  1 drivers
L_0x600001498fa0 .concat [ 1 31 0 0], L_0x6000014994a0, L_0x118068400;
L_0x600001499040 .cmp/eq 32, L_0x600001498fa0, L_0x118068448;
L_0x6000014990e0 .functor MUXZ 1, L_0x600001499400, L_0x600001499360, L_0x600001499040, C4<>;
L_0x600001499180 .concat [ 1 31 0 0], L_0x6000014994a0, L_0x118068490;
L_0x600001499220 .cmp/eq 32, L_0x600001499180, L_0x1180684d8;
L_0x6000014992c0 .functor MUXZ 1, L_0x600001499360, L_0x600001499400, L_0x600001499220, C4<>;
S_0x137605510 .scope module, "inst2" "bit_arbiter" 3 29, 4 1 0, S_0x137604b00;
 .timescale 0 0;
    .port_info 0 /INPUT 4 "SW";
    .port_info 1 /OUTPUT 1 "response";
v0x600001788630_0 .net "SW", 3 0, L_0x60000149b520;  1 drivers
v0x6000017886c0_0 .net *"_ivl_45", 0 0, L_0x60000149b160;  1 drivers
v0x600001788750_0 .net *"_ivl_50", 0 0, L_0x60000149b2a0;  1 drivers
v0x6000017887e0_0 .net "arbiter_input", 1 0, L_0x60000149b200;  1 drivers
v0x600001788870_0 .net "delay_line_path0", 3 0, L_0x60000149b020;  1 drivers
v0x600001788900_0 .net "delay_line_path1", 3 0, L_0x60000149b0c0;  1 drivers
v0x600001788990_0 .net "response", 0 0, L_0x600000e984d0;  1 drivers
L_0x600001499ea0 .part L_0x60000149b520, 0, 1;
L_0x60000149a300 .part L_0x60000149b020, 0, 1;
L_0x60000149a3a0 .part L_0x60000149b0c0, 0, 1;
L_0x60000149a440 .part L_0x60000149b520, 1, 1;
L_0x60000149a8a0 .part L_0x60000149b020, 1, 1;
L_0x60000149a940 .part L_0x60000149b0c0, 1, 1;
L_0x60000149a9e0 .part L_0x60000149b520, 2, 1;
L_0x60000149ae40 .part L_0x60000149b020, 2, 1;
L_0x60000149aee0 .part L_0x60000149b0c0, 2, 1;
L_0x60000149af80 .part L_0x60000149b520, 3, 1;
L_0x60000149b020 .concat8 [ 1 1 1 1], L_0x600001499c20, L_0x60000149a080, L_0x60000149a620, L_0x60000149abc0;
L_0x60000149b0c0 .concat8 [ 1 1 1 1], L_0x600001499e00, L_0x60000149a260, L_0x60000149a800, L_0x60000149ada0;
L_0x60000149b160 .part L_0x60000149b020, 3, 1;
L_0x60000149b200 .concat8 [ 1 1 0 0], L_0x60000149b160, L_0x60000149b2a0;
L_0x60000149b2a0 .part L_0x60000149b0c0, 3, 1;
S_0x137605680 .scope module, "d1" "decision" 4 43, 5 1 0, S_0x137605510;
 .timescale 0 0;
    .port_info 0 /INPUT 2 "in";
    .port_info 1 /OUTPUT 1 "response";
L_0x600000e98310 .functor AND 1, L_0x60000149b340, L_0x60000149b3e0, C4<1>, C4<1>;
L_0x600000e98380 .functor NOT 1, L_0x600000e98310, C4<0>, C4<0>, C4<0>;
L_0x600000e983f0 .functor AND 1, L_0x60000149b480, L_0x600000e98380, C4<1>, C4<1>;
L_0x600000e98460 .functor NOT 1, L_0x600000e983f0, C4<0>, C4<0>, C4<0>;
L_0x600000e984d0 .functor BUFZ 1, L_0x600000e98460, C4<0>, C4<0>, C4<0>;
v0x60000178e370_0 .net "Q", 0 0, L_0x600000e98380;  1 drivers
v0x60000178e400_0 .net "Qn", 0 0, L_0x600000e98460;  1 drivers
v0x60000178e490_0 .net *"_ivl_1", 0 0, L_0x60000149b340;  1 drivers
v0x60000178e520_0 .net *"_ivl_10", 0 0, L_0x600000e983f0;  1 drivers
v0x60000178e5b0_0 .net *"_ivl_3", 0 0, L_0x60000149b3e0;  1 drivers
v0x60000178e640_0 .net *"_ivl_4", 0 0, L_0x600000e98310;  1 drivers
v0x60000178e6d0_0 .net *"_ivl_9", 0 0, L_0x60000149b480;  1 drivers
v0x60000178e760_0 .net "in", 1 0, L_0x60000149b200;  alias, 1 drivers
v0x60000178e7f0_0 .net "response", 0 0, L_0x600000e984d0;  alias, 1 drivers
L_0x60000149b340 .part L_0x60000149b200, 0, 1;
L_0x60000149b3e0 .part L_0x60000149b200, 1, 1;
L_0x60000149b480 .part L_0x60000149b200, 1, 1;
S_0x1376057f0 .scope module, "u1" "selector" 4 10, 6 1 0, S_0x137605510;
 .timescale 0 0;
    .port_info 0 /INPUT 1 "in0";
    .port_info 1 /INPUT 1 "in1";
    .port_info 2 /INPUT 1 "challenge";
    .port_info 3 /OUTPUT 1 "out0";
    .port_info 4 /OUTPUT 1 "out1";
v0x60000178e880_0 .net *"_ivl_0", 31 0, L_0x600001499ae0;  1 drivers
v0x60000178e910_0 .net *"_ivl_10", 31 0, L_0x600001499cc0;  1 drivers
L_0x1180685b0 .functor BUFT 1, C4<0000000000000000000000000000000>, C4<0>, C4<0>, C4<0>;
v0x60000178e9a0_0 .net *"_ivl_13", 30 0, L_0x1180685b0;  1 drivers
L_0x1180685f8 .functor BUFT 1, C4<00000000000000000000000000000000>, C4<0>, C4<0>, C4<0>;
v0x60000178ea30_0 .net/2u *"_ivl_14", 31 0, L_0x1180685f8;  1 drivers
v0x60000178eac0_0 .net *"_ivl_16", 0 0, L_0x600001499d60;  1 drivers
L_0x118068520 .functor BUFT 1, C4<0000000000000000000000000000000>, C4<0>, C4<0>, C4<0>;
v0x60000178eb50_0 .net *"_ivl_3", 30 0, L_0x118068520;  1 drivers
L_0x118068568 .functor BUFT 1, C4<00000000000000000000000000000000>, C4<0>, C4<0>, C4<0>;
v0x60000178ebe0_0 .net/2u *"_ivl_4", 31 0, L_0x118068568;  1 drivers
v0x60000178ec70_0 .net *"_ivl_6", 0 0, L_0x600001499b80;  1 drivers
v0x60000178ed00_0 .net "challenge", 0 0, L_0x600001499ea0;  1 drivers
L_0x118068640 .functor BUFT 1, C4<1>, C4<0>, C4<0>, C4<0>;
v0x60000178ed90_0 .net "in0", 0 0, L_0x118068640;  1 drivers
L_0x118068688 .functor BUFT 1, C4<1>, C4<0>, C4<0>, C4<0>;
v0x60000178ee20_0 .net "in1", 0 0, L_0x118068688;  1 drivers
v0x60000178eeb0_0 .net "out0", 0 0, L_0x600001499c20;  1 drivers
v0x60000178ef40_0 .net "out1", 0 0, L_0x600001499e00;  1 drivers
L_0x600001499ae0 .concat [ 1 31 0 0], L_0x600001499ea0, L_0x118068520;
L_0x600001499b80 .cmp/eq 32, L_0x600001499ae0, L_0x118068568;
L_0x600001499c20 .functor MUXZ 1, L_0x118068688, L_0x118068640, L_0x600001499b80, C4<>;
L_0x600001499cc0 .concat [ 1 31 0 0], L_0x600001499ea0, L_0x1180685b0;
L_0x600001499d60 .cmp/eq 32, L_0x600001499cc0, L_0x1180685f8;
L_0x600001499e00 .functor MUXZ 1, L_0x118068640, L_0x118068688, L_0x600001499d60, C4<>;
S_0x137605960 .scope module, "u2" "selector" 4 17, 6 1 0, S_0x137605510;
 .timescale 0 0;
    .port_info 0 /INPUT 1 "in0";
    .port_info 1 /INPUT 1 "in1";
    .port_info 2 /INPUT 1 "challenge";
    .port_info 3 /OUTPUT 1 "out0";
    .port_info 4 /OUTPUT 1 "out1";
v0x60000178efd0_0 .net *"_ivl_0", 31 0, L_0x600001499f40;  1 drivers
v0x60000178f060_0 .net *"_ivl_10", 31 0, L_0x60000149a120;  1 drivers
L_0x118068760 .functor BUFT 1, C4<0000000000000000000000000000000>, C4<0>, C4<0>, C4<0>;
v0x60000178f0f0_0 .net *"_ivl_13", 30 0, L_0x118068760;  1 drivers
L_0x1180687a8 .functor BUFT 1, C4<00000000000000000000000000000000>, C4<0>, C4<0>, C4<0>;
v0x60000178f180_0 .net/2u *"_ivl_14", 31 0, L_0x1180687a8;  1 drivers
v0x60000178f210_0 .net *"_ivl_16", 0 0, L_0x60000149a1c0;  1 drivers
L_0x1180686d0 .functor BUFT 1, C4<0000000000000000000000000000000>, C4<0>, C4<0>, C4<0>;
v0x60000178f2a0_0 .net *"_ivl_3", 30 0, L_0x1180686d0;  1 drivers
L_0x118068718 .functor BUFT 1, C4<00000000000000000000000000000000>, C4<0>, C4<0>, C4<0>;
v0x60000178f330_0 .net/2u *"_ivl_4", 31 0, L_0x118068718;  1 drivers
v0x60000178f3c0_0 .net *"_ivl_6", 0 0, L_0x600001499fe0;  1 drivers
v0x60000178f450_0 .net "challenge", 0 0, L_0x60000149a440;  1 drivers
v0x60000178f4e0_0 .net "in0", 0 0, L_0x60000149a300;  1 drivers
v0x60000178f570_0 .net "in1", 0 0, L_0x60000149a3a0;  1 drivers
v0x60000178f600_0 .net "out0", 0 0, L_0x60000149a080;  1 drivers
v0x60000178f690_0 .net "out1", 0 0, L_0x60000149a260;  1 drivers
L_0x600001499f40 .concat [ 1 31 0 0], L_0x60000149a440, L_0x1180686d0;
L_0x600001499fe0 .cmp/eq 32, L_0x600001499f40, L_0x118068718;
L_0x60000149a080 .functor MUXZ 1, L_0x60000149a3a0, L_0x60000149a300, L_0x600001499fe0, C4<>;
L_0x60000149a120 .concat [ 1 31 0 0], L_0x60000149a440, L_0x118068760;
L_0x60000149a1c0 .cmp/eq 32, L_0x60000149a120, L_0x1180687a8;
L_0x60000149a260 .functor MUXZ 1, L_0x60000149a300, L_0x60000149a3a0, L_0x60000149a1c0, C4<>;
S_0x137605ad0 .scope module, "u3" "selector" 4 24, 6 1 0, S_0x137605510;
 .timescale 0 0;
    .port_info 0 /INPUT 1 "in0";
    .port_info 1 /INPUT 1 "in1";
    .port_info 2 /INPUT 1 "challenge";
    .port_info 3 /OUTPUT 1 "out0";
    .port_info 4 /OUTPUT 1 "out1";
v0x60000178f720_0 .net *"_ivl_0", 31 0, L_0x60000149a4e0;  1 drivers
v0x60000178f7b0_0 .net *"_ivl_10", 31 0, L_0x60000149a6c0;  1 drivers
L_0x118068880 .functor BUFT 1, C4<0000000000000000000000000000000>, C4<0>, C4<0>, C4<0>;
v0x60000178f840_0 .net *"_ivl_13", 30 0, L_0x118068880;  1 drivers
L_0x1180688c8 .functor BUFT 1, C4<00000000000000000000000000000000>, C4<0>, C4<0>, C4<0>;
v0x60000178f8d0_0 .net/2u *"_ivl_14", 31 0, L_0x1180688c8;  1 drivers
v0x60000178f960_0 .net *"_ivl_16", 0 0, L_0x60000149a760;  1 drivers
L_0x1180687f0 .functor BUFT 1, C4<0000000000000000000000000000000>, C4<0>, C4<0>, C4<0>;
v0x60000178f9f0_0 .net *"_ivl_3", 30 0, L_0x1180687f0;  1 drivers
L_0x118068838 .functor BUFT 1, C4<00000000000000000000000000000000>, C4<0>, C4<0>, C4<0>;
v0x60000178fa80_0 .net/2u *"_ivl_4", 31 0, L_0x118068838;  1 drivers
v0x60000178fb10_0 .net *"_ivl_6", 0 0, L_0x60000149a580;  1 drivers
v0x60000178fba0_0 .net "challenge", 0 0, L_0x60000149a9e0;  1 drivers
v0x60000178fc30_0 .net "in0", 0 0, L_0x60000149a8a0;  1 drivers
v0x60000178fcc0_0 .net "in1", 0 0, L_0x60000149a940;  1 drivers
v0x60000178fd50_0 .net "out0", 0 0, L_0x60000149a620;  1 drivers
v0x60000178fde0_0 .net "out1", 0 0, L_0x60000149a800;  1 drivers
L_0x60000149a4e0 .concat [ 1 31 0 0], L_0x60000149a9e0, L_0x1180687f0;
L_0x60000149a580 .cmp/eq 32, L_0x60000149a4e0, L_0x118068838;
L_0x60000149a620 .functor MUXZ 1, L_0x60000149a940, L_0x60000149a8a0, L_0x60000149a580, C4<>;
L_0x60000149a6c0 .concat [ 1 31 0 0], L_0x60000149a9e0, L_0x118068880;
L_0x60000149a760 .cmp/eq 32, L_0x60000149a6c0, L_0x1180688c8;
L_0x60000149a800 .functor MUXZ 1, L_0x60000149a8a0, L_0x60000149a940, L_0x60000149a760, C4<>;
S_0x137605c40 .scope module, "u4" "selector" 4 31, 6 1 0, S_0x137605510;
 .timescale 0 0;
    .port_info 0 /INPUT 1 "in0";
    .port_info 1 /INPUT 1 "in1";
    .port_info 2 /INPUT 1 "challenge";
    .port_info 3 /OUTPUT 1 "out0";
    .port_info 4 /OUTPUT 1 "out1";
v0x60000178fe70_0 .net *"_ivl_0", 31 0, L_0x60000149aa80;  1 drivers
v0x60000178ff00_0 .net *"_ivl_10", 31 0, L_0x60000149ac60;  1 drivers
L_0x1180689a0 .functor BUFT 1, C4<0000000000000000000000000000000>, C4<0>, C4<0>, C4<0>;
v0x600001788000_0 .net *"_ivl_13", 30 0, L_0x1180689a0;  1 drivers
L_0x1180689e8 .functor BUFT 1, C4<00000000000000000000000000000000>, C4<0>, C4<0>, C4<0>;
v0x600001788090_0 .net/2u *"_ivl_14", 31 0, L_0x1180689e8;  1 drivers
v0x600001788120_0 .net *"_ivl_16", 0 0, L_0x60000149ad00;  1 drivers
L_0x118068910 .functor BUFT 1, C4<0000000000000000000000000000000>, C4<0>, C4<0>, C4<0>;
v0x6000017881b0_0 .net *"_ivl_3", 30 0, L_0x118068910;  1 drivers
L_0x118068958 .functor BUFT 1, C4<00000000000000000000000000000000>, C4<0>, C4<0>, C4<0>;
v0x600001788240_0 .net/2u *"_ivl_4", 31 0, L_0x118068958;  1 drivers
v0x6000017882d0_0 .net *"_ivl_6", 0 0, L_0x60000149ab20;  1 drivers
v0x600001788360_0 .net "challenge", 0 0, L_0x60000149af80;  1 drivers
v0x6000017883f0_0 .net "in0", 0 0, L_0x60000149ae40;  1 drivers
v0x600001788480_0 .net "in1", 0 0, L_0x60000149aee0;  1 drivers
v0x600001788510_0 .net "out0", 0 0, L_0x60000149abc0;  1 drivers
v0x6000017885a0_0 .net "out1", 0 0, L_0x60000149ada0;  1 drivers
L_0x60000149aa80 .concat [ 1 31 0 0], L_0x60000149af80, L_0x118068910;
L_0x60000149ab20 .cmp/eq 32, L_0x60000149aa80, L_0x118068958;
L_0x60000149abc0 .functor MUXZ 1, L_0x60000149aee0, L_0x60000149ae40, L_0x60000149ab20, C4<>;
L_0x60000149ac60 .concat [ 1 31 0 0], L_0x60000149af80, L_0x1180689a0;
L_0x60000149ad00 .cmp/eq 32, L_0x60000149ac60, L_0x1180689e8;
L_0x60000149ada0 .functor MUXZ 1, L_0x60000149ae40, L_0x60000149aee0, L_0x60000149ad00, C4<>;
S_0x137605db0 .scope module, "inst3" "bit_arbiter" 3 33, 4 1 0, S_0x137604b00;
 .timescale 0 0;
    .port_info 0 /INPUT 4 "SW";
    .port_info 1 /OUTPUT 1 "response";
v0x60000178ac70_0 .net "SW", 3 0, L_0x600001495040;  1 drivers
v0x60000178ad00_0 .net *"_ivl_45", 0 0, L_0x600001494c80;  1 drivers
v0x60000178ad90_0 .net *"_ivl_50", 0 0, L_0x600001494dc0;  1 drivers
v0x60000178ae20_0 .net "arbiter_input", 1 0, L_0x600001494d20;  1 drivers
v0x60000178aeb0_0 .net "delay_line_path0", 3 0, L_0x600001494b40;  1 drivers
v0x60000178af40_0 .net "delay_line_path1", 3 0, L_0x600001494be0;  1 drivers
v0x60000178afd0_0 .net "response", 0 0, L_0x600000e98700;  1 drivers
L_0x60000149b980 .part L_0x600001495040, 0, 1;
L_0x60000149bde0 .part L_0x600001494b40, 0, 1;
L_0x60000149be80 .part L_0x600001494be0, 0, 1;
L_0x60000149bf20 .part L_0x600001495040, 1, 1;
L_0x6000014943c0 .part L_0x600001494b40, 1, 1;
L_0x600001494460 .part L_0x600001494be0, 1, 1;
L_0x600001494500 .part L_0x600001495040, 2, 1;
L_0x600001494960 .part L_0x600001494b40, 2, 1;
L_0x600001494a00 .part L_0x600001494be0, 2, 1;
L_0x600001494aa0 .part L_0x600001495040, 3, 1;
L_0x600001494b40 .concat8 [ 1 1 1 1], L_0x60000149b700, L_0x60000149bb60, L_0x600001494140, L_0x6000014946e0;
L_0x600001494be0 .concat8 [ 1 1 1 1], L_0x60000149b8e0, L_0x60000149bd40, L_0x600001494320, L_0x6000014948c0;
L_0x600001494c80 .part L_0x600001494b40, 3, 1;
L_0x600001494d20 .concat8 [ 1 1 0 0], L_0x600001494c80, L_0x600001494dc0;
L_0x600001494dc0 .part L_0x600001494be0, 3, 1;
S_0x137605f20 .scope module, "d1" "decision" 4 43, 5 1 0, S_0x137605db0;
 .timescale 0 0;
    .port_info 0 /INPUT 2 "in";
    .port_info 1 /OUTPUT 1 "response";
L_0x600000e98540 .functor AND 1, L_0x600001494e60, L_0x600001494f00, C4<1>, C4<1>;
L_0x600000e985b0 .functor NOT 1, L_0x600000e98540, C4<0>, C4<0>, C4<0>;
L_0x600000e98620 .functor AND 1, L_0x600001494fa0, L_0x600000e985b0, C4<1>, C4<1>;
L_0x600000e98690 .functor NOT 1, L_0x600000e98620, C4<0>, C4<0>, C4<0>;
L_0x600000e98700 .functor BUFZ 1, L_0x600000e98690, C4<0>, C4<0>, C4<0>;
v0x600001788a20_0 .net "Q", 0 0, L_0x600000e985b0;  1 drivers
v0x600001788ab0_0 .net "Qn", 0 0, L_0x600000e98690;  1 drivers
v0x600001788b40_0 .net *"_ivl_1", 0 0, L_0x600001494e60;  1 drivers
v0x600001788bd0_0 .net *"_ivl_10", 0 0, L_0x600000e98620;  1 drivers
v0x600001788c60_0 .net *"_ivl_3", 0 0, L_0x600001494f00;  1 drivers
v0x600001788cf0_0 .net *"_ivl_4", 0 0, L_0x600000e98540;  1 drivers
v0x600001788d80_0 .net *"_ivl_9", 0 0, L_0x600001494fa0;  1 drivers
v0x600001788e10_0 .net "in", 1 0, L_0x600001494d20;  alias, 1 drivers
v0x600001788ea0_0 .net "response", 0 0, L_0x600000e98700;  alias, 1 drivers
L_0x600001494e60 .part L_0x600001494d20, 0, 1;
L_0x600001494f00 .part L_0x600001494d20, 1, 1;
L_0x600001494fa0 .part L_0x600001494d20, 1, 1;
S_0x137606090 .scope module, "u1" "selector" 4 10, 6 1 0, S_0x137605db0;
 .timescale 0 0;
    .port_info 0 /INPUT 1 "in0";
    .port_info 1 /INPUT 1 "in1";
    .port_info 2 /INPUT 1 "challenge";
    .port_info 3 /OUTPUT 1 "out0";
    .port_info 4 /OUTPUT 1 "out1";
v0x600001788f30_0 .net *"_ivl_0", 31 0, L_0x60000149b5c0;  1 drivers
v0x600001788fc0_0 .net *"_ivl_10", 31 0, L_0x60000149b7a0;  1 drivers
L_0x118068ac0 .functor BUFT 1, C4<0000000000000000000000000000000>, C4<0>, C4<0>, C4<0>;
v0x600001789050_0 .net *"_ivl_13", 30 0, L_0x118068ac0;  1 drivers
L_0x118068b08 .functor BUFT 1, C4<00000000000000000000000000000000>, C4<0>, C4<0>, C4<0>;
v0x6000017890e0_0 .net/2u *"_ivl_14", 31 0, L_0x118068b08;  1 drivers
v0x600001789170_0 .net *"_ivl_16", 0 0, L_0x60000149b840;  1 drivers
L_0x118068a30 .functor BUFT 1, C4<0000000000000000000000000000000>, C4<0>, C4<0>, C4<0>;
v0x600001789200_0 .net *"_ivl_3", 30 0, L_0x118068a30;  1 drivers
L_0x118068a78 .functor BUFT 1, C4<00000000000000000000000000000000>, C4<0>, C4<0>, C4<0>;
v0x600001789290_0 .net/2u *"_ivl_4", 31 0, L_0x118068a78;  1 drivers
v0x600001789320_0 .net *"_ivl_6", 0 0, L_0x60000149b660;  1 drivers
v0x6000017893b0_0 .net "challenge", 0 0, L_0x60000149b980;  1 drivers
L_0x118068b50 .functor BUFT 1, C4<1>, C4<0>, C4<0>, C4<0>;
v0x600001789440_0 .net "in0", 0 0, L_0x118068b50;  1 drivers
L_0x118068b98 .functor BUFT 1, C4<1>, C4<0>, C4<0>, C4<0>;
v0x6000017894d0_0 .net "in1", 0 0, L_0x118068b98;  1 drivers
v0x600001789560_0 .net "out0", 0 0, L_0x60000149b700;  1 drivers
v0x6000017895f0_0 .net "out1", 0 0, L_0x60000149b8e0;  1 drivers
L_0x60000149b5c0 .concat [ 1 31 0 0], L_0x60000149b980, L_0x118068a30;
L_0x60000149b660 .cmp/eq 32, L_0x60000149b5c0, L_0x118068a78;
L_0x60000149b700 .functor MUXZ 1, L_0x118068b98, L_0x118068b50, L_0x60000149b660, C4<>;
L_0x60000149b7a0 .concat [ 1 31 0 0], L_0x60000149b980, L_0x118068ac0;
L_0x60000149b840 .cmp/eq 32, L_0x60000149b7a0, L_0x118068b08;
L_0x60000149b8e0 .functor MUXZ 1, L_0x118068b50, L_0x118068b98, L_0x60000149b840, C4<>;
S_0x137606200 .scope module, "u2" "selector" 4 17, 6 1 0, S_0x137605db0;
 .timescale 0 0;
    .port_info 0 /INPUT 1 "in0";
    .port_info 1 /INPUT 1 "in1";
    .port_info 2 /INPUT 1 "challenge";
    .port_info 3 /OUTPUT 1 "out0";
    .port_info 4 /OUTPUT 1 "out1";
v0x600001789680_0 .net *"_ivl_0", 31 0, L_0x60000149ba20;  1 drivers
v0x600001789710_0 .net *"_ivl_10", 31 0, L_0x60000149bc00;  1 drivers
L_0x118068c70 .functor BUFT 1, C4<0000000000000000000000000000000>, C4<0>, C4<0>, C4<0>;
v0x6000017897a0_0 .net *"_ivl_13", 30 0, L_0x118068c70;  1 drivers
L_0x118068cb8 .functor BUFT 1, C4<00000000000000000000000000000000>, C4<0>, C4<0>, C4<0>;
v0x600001789830_0 .net/2u *"_ivl_14", 31 0, L_0x118068cb8;  1 drivers
v0x6000017898c0_0 .net *"_ivl_16", 0 0, L_0x60000149bca0;  1 drivers
L_0x118068be0 .functor BUFT 1, C4<0000000000000000000000000000000>, C4<0>, C4<0>, C4<0>;
v0x600001789950_0 .net *"_ivl_3", 30 0, L_0x118068be0;  1 drivers
L_0x118068c28 .functor BUFT 1, C4<00000000000000000000000000000000>, C4<0>, C4<0>, C4<0>;
v0x6000017899e0_0 .net/2u *"_ivl_4", 31 0, L_0x118068c28;  1 drivers
v0x600001789a70_0 .net *"_ivl_6", 0 0, L_0x60000149bac0;  1 drivers
v0x600001789b00_0 .net "challenge", 0 0, L_0x60000149bf20;  1 drivers
v0x600001789b90_0 .net "in0", 0 0, L_0x60000149bde0;  1 drivers
v0x600001789c20_0 .net "in1", 0 0, L_0x60000149be80;  1 drivers
v0x600001789cb0_0 .net "out0", 0 0, L_0x60000149bb60;  1 drivers
v0x600001789d40_0 .net "out1", 0 0, L_0x60000149bd40;  1 drivers
L_0x60000149ba20 .concat [ 1 31 0 0], L_0x60000149bf20, L_0x118068be0;
L_0x60000149bac0 .cmp/eq 32, L_0x60000149ba20, L_0x118068c28;
L_0x60000149bb60 .functor MUXZ 1, L_0x60000149be80, L_0x60000149bde0, L_0x60000149bac0, C4<>;
L_0x60000149bc00 .concat [ 1 31 0 0], L_0x60000149bf20, L_0x118068c70;
L_0x60000149bca0 .cmp/eq 32, L_0x60000149bc00, L_0x118068cb8;
L_0x60000149bd40 .functor MUXZ 1, L_0x60000149bde0, L_0x60000149be80, L_0x60000149bca0, C4<>;
S_0x137606370 .scope module, "u3" "selector" 4 24, 6 1 0, S_0x137605db0;
 .timescale 0 0;
    .port_info 0 /INPUT 1 "in0";
    .port_info 1 /INPUT 1 "in1";
    .port_info 2 /INPUT 1 "challenge";
    .port_info 3 /OUTPUT 1 "out0";
    .port_info 4 /OUTPUT 1 "out1";
v0x600001789dd0_0 .net *"_ivl_0", 31 0, L_0x600001494000;  1 drivers
v0x600001789e60_0 .net *"_ivl_10", 31 0, L_0x6000014941e0;  1 drivers
L_0x118068d90 .functor BUFT 1, C4<0000000000000000000000000000000>, C4<0>, C4<0>, C4<0>;
v0x600001789ef0_0 .net *"_ivl_13", 30 0, L_0x118068d90;  1 drivers
L_0x118068dd8 .functor BUFT 1, C4<00000000000000000000000000000000>, C4<0>, C4<0>, C4<0>;
v0x600001789f80_0 .net/2u *"_ivl_14", 31 0, L_0x118068dd8;  1 drivers
v0x60000178a010_0 .net *"_ivl_16", 0 0, L_0x600001494280;  1 drivers
L_0x118068d00 .functor BUFT 1, C4<0000000000000000000000000000000>, C4<0>, C4<0>, C4<0>;
v0x60000178a0a0_0 .net *"_ivl_3", 30 0, L_0x118068d00;  1 drivers
L_0x118068d48 .functor BUFT 1, C4<00000000000000000000000000000000>, C4<0>, C4<0>, C4<0>;
v0x60000178a130_0 .net/2u *"_ivl_4", 31 0, L_0x118068d48;  1 drivers
v0x60000178a1c0_0 .net *"_ivl_6", 0 0, L_0x6000014940a0;  1 drivers
v0x60000178a250_0 .net "challenge", 0 0, L_0x600001494500;  1 drivers
v0x60000178a2e0_0 .net "in0", 0 0, L_0x6000014943c0;  1 drivers
v0x60000178a370_0 .net "in1", 0 0, L_0x600001494460;  1 drivers
v0x60000178a400_0 .net "out0", 0 0, L_0x600001494140;  1 drivers
v0x60000178a490_0 .net "out1", 0 0, L_0x600001494320;  1 drivers
L_0x600001494000 .concat [ 1 31 0 0], L_0x600001494500, L_0x118068d00;
L_0x6000014940a0 .cmp/eq 32, L_0x600001494000, L_0x118068d48;
L_0x600001494140 .functor MUXZ 1, L_0x600001494460, L_0x6000014943c0, L_0x6000014940a0, C4<>;
L_0x6000014941e0 .concat [ 1 31 0 0], L_0x600001494500, L_0x118068d90;
L_0x600001494280 .cmp/eq 32, L_0x6000014941e0, L_0x118068dd8;
L_0x600001494320 .functor MUXZ 1, L_0x6000014943c0, L_0x600001494460, L_0x600001494280, C4<>;
S_0x1376064e0 .scope module, "u4" "selector" 4 31, 6 1 0, S_0x137605db0;
 .timescale 0 0;
    .port_info 0 /INPUT 1 "in0";
    .port_info 1 /INPUT 1 "in1";
    .port_info 2 /INPUT 1 "challenge";
    .port_info 3 /OUTPUT 1 "out0";
    .port_info 4 /OUTPUT 1 "out1";
v0x60000178a520_0 .net *"_ivl_0", 31 0, L_0x6000014945a0;  1 drivers
v0x60000178a5b0_0 .net *"_ivl_10", 31 0, L_0x600001494780;  1 drivers
L_0x118068eb0 .functor BUFT 1, C4<0000000000000000000000000000000>, C4<0>, C4<0>, C4<0>;
v0x60000178a640_0 .net *"_ivl_13", 30 0, L_0x118068eb0;  1 drivers
L_0x118068ef8 .functor BUFT 1, C4<00000000000000000000000000000000>, C4<0>, C4<0>, C4<0>;
v0x60000178a6d0_0 .net/2u *"_ivl_14", 31 0, L_0x118068ef8;  1 drivers
v0x60000178a760_0 .net *"_ivl_16", 0 0, L_0x600001494820;  1 drivers
L_0x118068e20 .functor BUFT 1, C4<0000000000000000000000000000000>, C4<0>, C4<0>, C4<0>;
v0x60000178a7f0_0 .net *"_ivl_3", 30 0, L_0x118068e20;  1 drivers
L_0x118068e68 .functor BUFT 1, C4<00000000000000000000000000000000>, C4<0>, C4<0>, C4<0>;
v0x60000178a880_0 .net/2u *"_ivl_4", 31 0, L_0x118068e68;  1 drivers
v0x60000178a910_0 .net *"_ivl_6", 0 0, L_0x600001494640;  1 drivers
v0x60000178a9a0_0 .net "challenge", 0 0, L_0x600001494aa0;  1 drivers
v0x60000178aa30_0 .net "in0", 0 0, L_0x600001494960;  1 drivers
v0x60000178aac0_0 .net "in1", 0 0, L_0x600001494a00;  1 drivers
v0x60000178ab50_0 .net "out0", 0 0, L_0x6000014946e0;  1 drivers
v0x60000178abe0_0 .net "out1", 0 0, L_0x6000014948c0;  1 drivers
L_0x6000014945a0 .concat [ 1 31 0 0], L_0x600001494aa0, L_0x118068e20;
L_0x600001494640 .cmp/eq 32, L_0x6000014945a0, L_0x118068e68;
L_0x6000014946e0 .functor MUXZ 1, L_0x600001494a00, L_0x600001494960, L_0x600001494640, C4<>;
L_0x600001494780 .concat [ 1 31 0 0], L_0x600001494aa0, L_0x118068eb0;
L_0x600001494820 .cmp/eq 32, L_0x600001494780, L_0x118068ef8;
L_0x6000014948c0 .functor MUXZ 1, L_0x600001494960, L_0x600001494a00, L_0x600001494820, C4<>;
S_0x137606650 .scope module, "inst4" "bit_arbiter" 3 37, 4 1 0, S_0x137604b00;
 .timescale 0 0;
    .port_info 0 /INPUT 4 "SW";
    .port_info 1 /OUTPUT 1 "response";
v0x600001785320_0 .net "SW", 3 0, L_0x600001496b20;  1 drivers
v0x6000017853b0_0 .net *"_ivl_45", 0 0, L_0x600001496760;  1 drivers
v0x600001785440_0 .net *"_ivl_50", 0 0, L_0x6000014968a0;  1 drivers
v0x6000017854d0_0 .net "arbiter_input", 1 0, L_0x600001496800;  1 drivers
v0x600001785560_0 .net "delay_line_path0", 3 0, L_0x600001496620;  1 drivers
v0x6000017855f0_0 .net "delay_line_path1", 3 0, L_0x6000014966c0;  1 drivers
v0x600001785680_0 .net "response", 0 0, L_0x600000e98930;  1 drivers
L_0x6000014954a0 .part L_0x600001496b20, 0, 1;
L_0x600001495900 .part L_0x600001496620, 0, 1;
L_0x6000014959a0 .part L_0x6000014966c0, 0, 1;
L_0x600001495a40 .part L_0x600001496b20, 1, 1;
L_0x600001495ea0 .part L_0x600001496620, 1, 1;
L_0x600001495f40 .part L_0x6000014966c0, 1, 1;
L_0x600001495fe0 .part L_0x600001496b20, 2, 1;
L_0x600001496440 .part L_0x600001496620, 2, 1;
L_0x6000014964e0 .part L_0x6000014966c0, 2, 1;
L_0x600001496580 .part L_0x600001496b20, 3, 1;
L_0x600001496620 .concat8 [ 1 1 1 1], L_0x600001495220, L_0x600001495680, L_0x600001495c20, L_0x6000014961c0;
L_0x6000014966c0 .concat8 [ 1 1 1 1], L_0x600001495400, L_0x600001495860, L_0x600001495e00, L_0x6000014963a0;
L_0x600001496760 .part L_0x600001496620, 3, 1;
L_0x600001496800 .concat8 [ 1 1 0 0], L_0x600001496760, L_0x6000014968a0;
L_0x6000014968a0 .part L_0x6000014966c0, 3, 1;
S_0x1376067c0 .scope module, "d1" "decision" 4 43, 5 1 0, S_0x137606650;
 .timescale 0 0;
    .port_info 0 /INPUT 2 "in";
    .port_info 1 /OUTPUT 1 "response";
L_0x600000e98770 .functor AND 1, L_0x600001496940, L_0x6000014969e0, C4<1>, C4<1>;
L_0x600000e987e0 .functor NOT 1, L_0x600000e98770, C4<0>, C4<0>, C4<0>;
L_0x600000e98850 .functor AND 1, L_0x600001496a80, L_0x600000e987e0, C4<1>, C4<1>;
L_0x600000e988c0 .functor NOT 1, L_0x600000e98850, C4<0>, C4<0>, C4<0>;
L_0x600000e98930 .functor BUFZ 1, L_0x600000e988c0, C4<0>, C4<0>, C4<0>;
v0x60000178b060_0 .net "Q", 0 0, L_0x600000e987e0;  1 drivers
v0x60000178b0f0_0 .net "Qn", 0 0, L_0x600000e988c0;  1 drivers
v0x60000178b180_0 .net *"_ivl_1", 0 0, L_0x600001496940;  1 drivers
v0x60000178b210_0 .net *"_ivl_10", 0 0, L_0x600000e98850;  1 drivers
v0x60000178b2a0_0 .net *"_ivl_3", 0 0, L_0x6000014969e0;  1 drivers
v0x60000178b330_0 .net *"_ivl_4", 0 0, L_0x600000e98770;  1 drivers
v0x60000178b3c0_0 .net *"_ivl_9", 0 0, L_0x600001496a80;  1 drivers
v0x60000178b450_0 .net "in", 1 0, L_0x600001496800;  alias, 1 drivers
v0x60000178b4e0_0 .net "response", 0 0, L_0x600000e98930;  alias, 1 drivers
L_0x600001496940 .part L_0x600001496800, 0, 1;
L_0x6000014969e0 .part L_0x600001496800, 1, 1;
L_0x600001496a80 .part L_0x600001496800, 1, 1;
S_0x137606930 .scope module, "u1" "selector" 4 10, 6 1 0, S_0x137606650;
 .timescale 0 0;
    .port_info 0 /INPUT 1 "in0";
    .port_info 1 /INPUT 1 "in1";
    .port_info 2 /INPUT 1 "challenge";
    .port_info 3 /OUTPUT 1 "out0";
    .port_info 4 /OUTPUT 1 "out1";
v0x60000178b570_0 .net *"_ivl_0", 31 0, L_0x6000014950e0;  1 drivers
v0x60000178b600_0 .net *"_ivl_10", 31 0, L_0x6000014952c0;  1 drivers
L_0x118068fd0 .functor BUFT 1, C4<0000000000000000000000000000000>, C4<0>, C4<0>, C4<0>;
v0x60000178b690_0 .net *"_ivl_13", 30 0, L_0x118068fd0;  1 drivers
L_0x118069018 .functor BUFT 1, C4<00000000000000000000000000000000>, C4<0>, C4<0>, C4<0>;
v0x60000178b720_0 .net/2u *"_ivl_14", 31 0, L_0x118069018;  1 drivers
v0x60000178b7b0_0 .net *"_ivl_16", 0 0, L_0x600001495360;  1 drivers
L_0x118068f40 .functor BUFT 1, C4<0000000000000000000000000000000>, C4<0>, C4<0>, C4<0>;
v0x60000178b840_0 .net *"_ivl_3", 30 0, L_0x118068f40;  1 drivers
L_0x118068f88 .functor BUFT 1, C4<00000000000000000000000000000000>, C4<0>, C4<0>, C4<0>;
v0x60000178b8d0_0 .net/2u *"_ivl_4", 31 0, L_0x118068f88;  1 drivers
v0x60000178b960_0 .net *"_ivl_6", 0 0, L_0x600001495180;  1 drivers
v0x60000178b9f0_0 .net "challenge", 0 0, L_0x6000014954a0;  1 drivers
L_0x118069060 .functor BUFT 1, C4<1>, C4<0>, C4<0>, C4<0>;
v0x60000178ba80_0 .net "in0", 0 0, L_0x118069060;  1 drivers
L_0x1180690a8 .functor BUFT 1, C4<1>, C4<0>, C4<0>, C4<0>;
v0x60000178bb10_0 .net "in1", 0 0, L_0x1180690a8;  1 drivers
v0x60000178bba0_0 .net "out0", 0 0, L_0x600001495220;  1 drivers
v0x60000178bc30_0 .net "out1", 0 0, L_0x600001495400;  1 drivers
L_0x6000014950e0 .concat [ 1 31 0 0], L_0x6000014954a0, L_0x118068f40;
L_0x600001495180 .cmp/eq 32, L_0x6000014950e0, L_0x118068f88;
L_0x600001495220 .functor MUXZ 1, L_0x1180690a8, L_0x118069060, L_0x600001495180, C4<>;
L_0x6000014952c0 .concat [ 1 31 0 0], L_0x6000014954a0, L_0x118068fd0;
L_0x600001495360 .cmp/eq 32, L_0x6000014952c0, L_0x118069018;
L_0x600001495400 .functor MUXZ 1, L_0x118069060, L_0x1180690a8, L_0x600001495360, C4<>;
S_0x137606aa0 .scope module, "u2" "selector" 4 17, 6 1 0, S_0x137606650;
 .timescale 0 0;
    .port_info 0 /INPUT 1 "in0";
    .port_info 1 /INPUT 1 "in1";
    .port_info 2 /INPUT 1 "challenge";
    .port_info 3 /OUTPUT 1 "out0";
    .port_info 4 /OUTPUT 1 "out1";
v0x60000178bcc0_0 .net *"_ivl_0", 31 0, L_0x600001495540;  1 drivers
v0x60000178bd50_0 .net *"_ivl_10", 31 0, L_0x600001495720;  1 drivers
L_0x118069180 .functor BUFT 1, C4<0000000000000000000000000000000>, C4<0>, C4<0>, C4<0>;
v0x60000178bde0_0 .net *"_ivl_13", 30 0, L_0x118069180;  1 drivers
L_0x1180691c8 .functor BUFT 1, C4<00000000000000000000000000000000>, C4<0>, C4<0>, C4<0>;
v0x60000178be70_0 .net/2u *"_ivl_14", 31 0, L_0x1180691c8;  1 drivers
v0x60000178bf00_0 .net *"_ivl_16", 0 0, L_0x6000014957c0;  1 drivers
L_0x1180690f0 .functor BUFT 1, C4<0000000000000000000000000000000>, C4<0>, C4<0>, C4<0>;
v0x600001784000_0 .net *"_ivl_3", 30 0, L_0x1180690f0;  1 drivers
L_0x118069138 .functor BUFT 1, C4<00000000000000000000000000000000>, C4<0>, C4<0>, C4<0>;
v0x600001784090_0 .net/2u *"_ivl_4", 31 0, L_0x118069138;  1 drivers
v0x600001784120_0 .net *"_ivl_6", 0 0, L_0x6000014955e0;  1 drivers
v0x6000017841b0_0 .net "challenge", 0 0, L_0x600001495a40;  1 drivers
v0x600001784240_0 .net "in0", 0 0, L_0x600001495900;  1 drivers
v0x6000017842d0_0 .net "in1", 0 0, L_0x6000014959a0;  1 drivers
v0x600001784360_0 .net "out0", 0 0, L_0x600001495680;  1 drivers
v0x6000017843f0_0 .net "out1", 0 0, L_0x600001495860;  1 drivers
L_0x600001495540 .concat [ 1 31 0 0], L_0x600001495a40, L_0x1180690f0;
L_0x6000014955e0 .cmp/eq 32, L_0x600001495540, L_0x118069138;
L_0x600001495680 .functor MUXZ 1, L_0x6000014959a0, L_0x600001495900, L_0x6000014955e0, C4<>;
L_0x600001495720 .concat [ 1 31 0 0], L_0x600001495a40, L_0x118069180;
L_0x6000014957c0 .cmp/eq 32, L_0x600001495720, L_0x1180691c8;
L_0x600001495860 .functor MUXZ 1, L_0x600001495900, L_0x6000014959a0, L_0x6000014957c0, C4<>;
S_0x137606c10 .scope module, "u3" "selector" 4 24, 6 1 0, S_0x137606650;
 .timescale 0 0;
    .port_info 0 /INPUT 1 "in0";
    .port_info 1 /INPUT 1 "in1";
    .port_info 2 /INPUT 1 "challenge";
    .port_info 3 /OUTPUT 1 "out0";
    .port_info 4 /OUTPUT 1 "out1";
v0x600001784480_0 .net *"_ivl_0", 31 0, L_0x600001495ae0;  1 drivers
v0x600001784510_0 .net *"_ivl_10", 31 0, L_0x600001495cc0;  1 drivers
L_0x1180692a0 .functor BUFT 1, C4<0000000000000000000000000000000>, C4<0>, C4<0>, C4<0>;
v0x6000017845a0_0 .net *"_ivl_13", 30 0, L_0x1180692a0;  1 drivers
L_0x1180692e8 .functor BUFT 1, C4<00000000000000000000000000000000>, C4<0>, C4<0>, C4<0>;
v0x600001784630_0 .net/2u *"_ivl_14", 31 0, L_0x1180692e8;  1 drivers
v0x6000017846c0_0 .net *"_ivl_16", 0 0, L_0x600001495d60;  1 drivers
L_0x118069210 .functor BUFT 1, C4<0000000000000000000000000000000>, C4<0>, C4<0>, C4<0>;
v0x600001784750_0 .net *"_ivl_3", 30 0, L_0x118069210;  1 drivers
L_0x118069258 .functor BUFT 1, C4<00000000000000000000000000000000>, C4<0>, C4<0>, C4<0>;
v0x6000017847e0_0 .net/2u *"_ivl_4", 31 0, L_0x118069258;  1 drivers
v0x600001784870_0 .net *"_ivl_6", 0 0, L_0x600001495b80;  1 drivers
v0x600001784900_0 .net "challenge", 0 0, L_0x600001495fe0;  1 drivers
v0x600001784990_0 .net "in0", 0 0, L_0x600001495ea0;  1 drivers
v0x600001784a20_0 .net "in1", 0 0, L_0x600001495f40;  1 drivers
v0x600001784ab0_0 .net "out0", 0 0, L_0x600001495c20;  1 drivers
v0x600001784b40_0 .net "out1", 0 0, L_0x600001495e00;  1 drivers
L_0x600001495ae0 .concat [ 1 31 0 0], L_0x600001495fe0, L_0x118069210;
L_0x600001495b80 .cmp/eq 32, L_0x600001495ae0, L_0x118069258;
L_0x600001495c20 .functor MUXZ 1, L_0x600001495f40, L_0x600001495ea0, L_0x600001495b80, C4<>;
L_0x600001495cc0 .concat [ 1 31 0 0], L_0x600001495fe0, L_0x1180692a0;
L_0x600001495d60 .cmp/eq 32, L_0x600001495cc0, L_0x1180692e8;
L_0x600001495e00 .functor MUXZ 1, L_0x600001495ea0, L_0x600001495f40, L_0x600001495d60, C4<>;
S_0x137606d80 .scope module, "u4" "selector" 4 31, 6 1 0, S_0x137606650;
 .timescale 0 0;
    .port_info 0 /INPUT 1 "in0";
    .port_info 1 /INPUT 1 "in1";
    .port_info 2 /INPUT 1 "challenge";
    .port_info 3 /OUTPUT 1 "out0";
    .port_info 4 /OUTPUT 1 "out1";
v0x600001784bd0_0 .net *"_ivl_0", 31 0, L_0x600001496080;  1 drivers
v0x600001784c60_0 .net *"_ivl_10", 31 0, L_0x600001496260;  1 drivers
L_0x1180693c0 .functor BUFT 1, C4<0000000000000000000000000000000>, C4<0>, C4<0>, C4<0>;
v0x600001784cf0_0 .net *"_ivl_13", 30 0, L_0x1180693c0;  1 drivers
L_0x118069408 .functor BUFT 1, C4<00000000000000000000000000000000>, C4<0>, C4<0>, C4<0>;
v0x600001784d80_0 .net/2u *"_ivl_14", 31 0, L_0x118069408;  1 drivers
v0x600001784e10_0 .net *"_ivl_16", 0 0, L_0x600001496300;  1 drivers
L_0x118069330 .functor BUFT 1, C4<0000000000000000000000000000000>, C4<0>, C4<0>, C4<0>;
v0x600001784ea0_0 .net *"_ivl_3", 30 0, L_0x118069330;  1 drivers
L_0x118069378 .functor BUFT 1, C4<00000000000000000000000000000000>, C4<0>, C4<0>, C4<0>;
v0x600001784f30_0 .net/2u *"_ivl_4", 31 0, L_0x118069378;  1 drivers
v0x600001784fc0_0 .net *"_ivl_6", 0 0, L_0x600001496120;  1 drivers
v0x600001785050_0 .net "challenge", 0 0, L_0x600001496580;  1 drivers
v0x6000017850e0_0 .net "in0", 0 0, L_0x600001496440;  1 drivers
v0x600001785170_0 .net "in1", 0 0, L_0x6000014964e0;  1 drivers
v0x600001785200_0 .net "out0", 0 0, L_0x6000014961c0;  1 drivers
v0x600001785290_0 .net "out1", 0 0, L_0x6000014963a0;  1 drivers
L_0x600001496080 .concat [ 1 31 0 0], L_0x600001496580, L_0x118069330;
L_0x600001496120 .cmp/eq 32, L_0x600001496080, L_0x118069378;
L_0x6000014961c0 .functor MUXZ 1, L_0x6000014964e0, L_0x600001496440, L_0x600001496120, C4<>;
L_0x600001496260 .concat [ 1 31 0 0], L_0x600001496580, L_0x1180693c0;
L_0x600001496300 .cmp/eq 32, L_0x600001496260, L_0x118069408;
L_0x6000014963a0 .functor MUXZ 1, L_0x600001496440, L_0x6000014964e0, L_0x600001496300, C4<>;
    .scope S_0x137604b00;
T_0 ;
    %wait E_0x60000309ccc0;
    %load/vec4 v0x6000017858c0_0;
    %cmpi/u 49999999, 0, 32;
    %flag_inv 5; GE is !LT
    %jmp/0xz  T_0.0, 5;
    %pushi/vec4 0, 0, 32;
    %assign/vec4 v0x6000017858c0_0, 0;
    %pushi/vec4 1, 0, 1;
    %assign/vec4 v0x6000017859e0_0, 0;
    %jmp T_0.1;
T_0.0 ;
    %load/vec4 v0x6000017858c0_0;
    %addi 1, 0, 32;
    %assign/vec4 v0x6000017858c0_0, 0;
    %pushi/vec4 0, 0, 1;
    %assign/vec4 v0x6000017859e0_0, 0;
T_0.1 ;
    %jmp T_0;
    .thread T_0;
    .scope S_0x137604990;
T_1 ;
    %pushi/vec4 0, 0, 1;
    %store/vec4 v0x600001785b90_0, 0, 1;
    %end;
    .thread T_1;
    .scope S_0x137604990;
T_2 ;
    %delay 5000, 0;
    %load/vec4 v0x600001785a70_0;
    %inv;
    %store/vec4 v0x600001785a70_0, 0, 1;
    %jmp T_2;
    .thread T_2;
    .scope S_0x137604990;
T_3 ;
    %pushi/vec4 0, 0, 1;
    %store/vec4 v0x600001785a70_0, 0, 1;
    %pushi/vec4 0, 0, 16;
    %store/vec4 v0x600001785c20_0, 0, 16;
    %delay 10000, 0;
    %pushi/vec4 61440, 0, 16;
    %store/vec4 v0x600001785c20_0, 0, 16;
    %delay 10000, 0;
    %pushi/vec4 3840, 0, 16;
    %store/vec4 v0x600001785c20_0, 0, 16;
    %delay 10000, 0;
    %pushi/vec4 240, 0, 16;
    %store/vec4 v0x600001785c20_0, 0, 16;
    %delay 10000, 0;
    %pushi/vec4 65535, 0, 16;
    %store/vec4 v0x600001785c20_0, 0, 16;
    %delay 100000, 0;
    %vpi_call 2 53 "$stop" {0 0 0};
    %end;
    .thread T_3;
    .scope S_0x137604990;
T_4 ;
    %vpi_call 2 64 "$monitor", "At time %t, SW = %b, LD = %b", $time, v0x600001785c20_0, v0x600001785b00_0 {0 0 0};
    %end;
    .thread T_4;
# The file index is used to find the file name in the following table.
:file_names 7;
    "N/A";
    "<interactive>";
    "TestBench.v";
    "Arbiter_PUF.v";
    "1bit_arbiter.v";
    "decision.v";
    "selector.v";
